2015-08-31 18:21:23 CRIT XMLTooling.Config : libcurl lacks OpenSSL-specific options, this will greatly limit functionality
2015-08-31 18:21:23 WARN Shibboleth.Application : insecure cookieProps setting, set to "https" for SSL/TLS-only usage
2015-08-31 18:21:23 WARN Shibboleth.Application : handlerSSL should be enabled for SSL/TLS-enabled web sites
2015-08-31 18:23:33 CRIT XMLTooling.Config : libcurl lacks OpenSSL-specific options, this will greatly limit functionality
2015-08-31 18:23:33 WARN Shibboleth.Application : insecure cookieProps setting, set to "https" for SSL/TLS-only usage
2015-08-31 18:23:33 WARN Shibboleth.Application : handlerSSL should be enabled for SSL/TLS-enabled web sites
2015-08-31 18:41:40 CRIT XMLTooling.Config : libcurl lacks OpenSSL-specific options, this will greatly limit functionality
2015-08-31 18:41:40 WARN Shibboleth.Application : insecure cookieProps setting, set to "https" for SSL/TLS-only usage
2015-08-31 18:41:40 WARN Shibboleth.Application : handlerSSL should be enabled for SSL/TLS-enabled web sites
2015-08-31 18:44:03 CRIT XMLTooling.Config : libcurl lacks OpenSSL-specific options, this will greatly limit functionality
2015-08-31 18:44:03 FATAL Shibboleth.Config : caught exception while loading configuration: Unable to access local file (/etc/shibboleth/heck)
2015-08-31 18:44:29 CRIT XMLTooling.Config : libcurl lacks OpenSSL-specific options, this will greatly limit functionality
2015-08-31 18:44:29 WARN Shibboleth.Application : insecure cookieProps setting, set to "https" for SSL/TLS-only usage
2015-08-31 18:44:29 WARN Shibboleth.Application : handlerSSL should be enabled for SSL/TLS-enabled web sites
2015-08-31 18:44:29 ERROR Shibboleth.Listener : socket call (bind) resulted in error (98): no message
2015-08-31 18:44:29 CRIT Shibboleth.Listener : failed to bind to socket.
2015-08-31 18:44:32 CRIT XMLTooling.Config : libcurl lacks OpenSSL-specific options, this will greatly limit functionality
2015-08-31 18:44:33 WARN Shibboleth.Application : insecure cookieProps setting, set to "https" for SSL/TLS-only usage
2015-08-31 18:44:33 WARN Shibboleth.Application : handlerSSL should be enabled for SSL/TLS-enabled web sites
2015-09-15 17:01:07 CRIT XMLTooling.Config : libcurl lacks OpenSSL-specific options, this will greatly limit functionality
2015-09-15 17:01:08 WARN Shibboleth.Application : handlerSSL should be enabled for SSL/TLS-enabled web sites
2015-09-15 17:01:08 WARN Shibboleth.AttributeExtractor.XML : attribute mappings are reloadable; be sure to restart web server when adding new attribute IDs
2015-09-15 20:27:12 CRIT XMLTooling.Config : libcurl lacks OpenSSL-specific options, this will greatly limit functionality
2015-09-15 20:27:12 WARN Shibboleth.Application : empty/missing cookieProps setting, set to "https" for SSL/TLS-only usage
2015-09-15 20:27:12 WARN Shibboleth.Application : handlerSSL should be enabled for SSL/TLS-enabled web sites
2015-09-15 20:27:12 WARN Shibboleth.AttributeExtractor.XML : attribute mappings are reloadable; be sure to restart web server when adding new attribute IDs
